
From: whistle@1.14.0
Node: v10.15.2
Date: 5/5/2019, 7:35:43 PM
Error: listen EADDRINUSE: address already in use :::8899
    at Server.setupListenHandle [as _listen2] (net.js:1277:14)
    at listenInCluster (net.js:1325:12)
    at Server.listen (net.js:1412:7)
    at proxy (/usr/local/lib/node_modules/whistle/lib/index.js:78:12)
    at module.exports (/usr/local/lib/node_modules/whistle/index.js:80:26)
    at Command.<anonymous> (/usr/local/lib/node_modules/whistle/node_modules/starting/lib/bootstrap.js:10:5)
    at Command.listener (/usr/local/lib/node_modules/whistle/node_modules/commander/index.js:289:8)
    at Command.emit (events.js:189:13)
    at Command.parseArgs (/usr/local/lib/node_modules/whistle/node_modules/commander/index.js:572:12)
    at Command.parse (/usr/local/lib/node_modules/whistle/node_modules/commander/index.js:438:21)

From: whistle@1.14.0
Node: v10.15.2
Date: 5/5/2019, 7:36:59 PM
Error: listen EADDRINUSE: address already in use :::8899
    at Server.setupListenHandle [as _listen2] (net.js:1277:14)
    at listenInCluster (net.js:1325:12)
    at Server.listen (net.js:1412:7)
    at proxy (/usr/local/lib/node_modules/whistle/lib/index.js:78:12)
    at module.exports (/usr/local/lib/node_modules/whistle/index.js:80:26)
    at Command.<anonymous> (/usr/local/lib/node_modules/whistle/node_modules/starting/lib/bootstrap.js:10:5)
    at Command.listener (/usr/local/lib/node_modules/whistle/node_modules/commander/index.js:289:8)
    at Command.emit (events.js:189:13)
    at Command.parseArgs (/usr/local/lib/node_modules/whistle/node_modules/commander/index.js:572:12)
    at Command.parse (/usr/local/lib/node_modules/whistle/node_modules/commander/index.js:438:21)

From: whistle@1.14.0
Node: v10.15.2
Date: 5/5/2019, 7:38:02 PM
Error: listen EADDRINUSE: address already in use :::8899
    at Server.setupListenHandle [as _listen2] (net.js:1277:14)
    at listenInCluster (net.js:1325:12)
    at Server.listen (net.js:1412:7)
    at proxy (/usr/local/lib/node_modules/whistle/lib/index.js:78:12)
    at module.exports (/usr/local/lib/node_modules/whistle/index.js:80:26)
    at Command.<anonymous> (/usr/local/lib/node_modules/whistle/node_modules/starting/lib/bootstrap.js:10:5)
    at Command.listener (/usr/local/lib/node_modules/whistle/node_modules/commander/index.js:289:8)
    at Command.emit (events.js:189:13)
    at Command.parseArgs (/usr/local/lib/node_modules/whistle/node_modules/commander/index.js:572:12)
    at Command.parse (/usr/local/lib/node_modules/whistle/node_modules/commander/index.js:438:21)

From: whistle@1.14.0
Node: v10.15.2
Date: 5/5/2019, 7:38:50 PM
Error: listen EADDRINUSE: address already in use :::8899
    at Server.setupListenHandle [as _listen2] (net.js:1277:14)
    at listenInCluster (net.js:1325:12)
    at Server.listen (net.js:1412:7)
    at proxy (/usr/local/lib/node_modules/whistle/lib/index.js:78:12)
    at module.exports (/usr/local/lib/node_modules/whistle/index.js:80:26)
    at Command.<anonymous> (/usr/local/lib/node_modules/whistle/node_modules/starting/lib/bootstrap.js:10:5)
    at Command.listener (/usr/local/lib/node_modules/whistle/node_modules/commander/index.js:289:8)
    at Command.emit (events.js:189:13)
    at Command.parseArgs (/usr/local/lib/node_modules/whistle/node_modules/commander/index.js:572:12)
    at Command.parse (/usr/local/lib/node_modules/whistle/node_modules/commander/index.js:438:21)
